01 Feb 2014 17:49:31,928 ERROR [main|BluetoothPbLocal] Can not send message. No current connection!
01 Feb 2014 17:49:31,939 DEBUG [Btpb_accept|bluetooth] Java 1.4+ detected: 1.7.0_51; OpenJDK 64-Bit Server VM; Oracle Corporation
01 Feb 2014 17:49:31,946 DEBUG [Btpb_accept|bluetooth] Use stack ClassLoader
01 Feb 2014 17:49:31,948 DEBUG [Btpb_accept|bluetooth] Library loaded from /tmp/bluecove_geforce_0/libbluecove_x64.so
01 Feb 2014 17:49:31,948 DEBUG [Btpb_accept|bluetooth] BluetoothStack selected bluez
01 Feb 2014 17:49:31,948 DEBUG [Btpb_accept|bluetooth] nativeDebugCallback ON
01 Feb 2014 17:49:31,949 DEBUG [Btpb_accept|bluetooth] hci_get_route : -1
01 Feb 2014 17:49:31,950 ERROR [Btpb_accept|BluetoothPbLocal] Error creating bluetooth connection
javax.bluetooth.BluetoothStateException: Bluetooth Device is not available
	at com.intel.bluetooth.BluetoothStackBlueZ.nativeGetDeviceID(Native Method)
	at com.intel.bluetooth.BluetoothStackBlueZ.initialize(BluetoothStackBlueZ.java:136)
	at com.intel.bluetooth.BlueCoveImpl.setBluetoothStack(BlueCoveImpl.java:949)
	at com.intel.bluetooth.BlueCoveImpl.detectStack(BlueCoveImpl.java:482)
	at com.intel.bluetooth.BlueCoveImpl.access$500(BlueCoveImpl.java:65)
	at com.intel.bluetooth.BlueCoveImpl$1.run(BlueCoveImpl.java:1020)
	at java.security.AccessController.doPrivileged(Native Method)
	at com.intel.bluetooth.BlueCoveImpl.detectStackPrivileged(BlueCoveImpl.java:1018)
	at com.intel.bluetooth.BlueCoveImpl.getBluetoothStack(BlueCoveImpl.java:1011)
	at javax.bluetooth.LocalDevice.getLocalDeviceInstance(LocalDevice.java:75)
	at javax.bluetooth.LocalDevice.getLocalDevice(LocalDevice.java:95)
	at edu.tigers.bluetoothprotobuf.BluetoothPbLocal$AcceptThread.run(BluetoothPbLocal.java:148)
	at java.lang.Thread.run(Thread.java:744)
01 Feb 2014 17:49:31,954 ERROR [Btpb_accept|BluetoothPbLocal] Try to enable device discovery via OS first or start Sumatra as root :/
01 Feb 2014 17:49:31,954 ERROR [Btpb_accept|BluetoothPbLocal] For Linux you need extra packages. For ubuntu: apt-get install bluez libbluetooth-dev
01 Feb 2014 18:16:25,863 DEBUG [Btpb_accept|bluetooth] Java 1.4+ detected: 1.7.0_51; OpenJDK 64-Bit Server VM; Oracle Corporation
01 Feb 2014 18:16:25,869 DEBUG [Btpb_accept|bluetooth] Use stack ClassLoader
01 Feb 2014 18:16:25,872 DEBUG [Btpb_accept|bluetooth] Library loaded from /tmp/bluecove_geforce_0/libbluecove_x64.so
01 Feb 2014 18:16:25,872 DEBUG [Btpb_accept|bluetooth] BluetoothStack selected bluez
01 Feb 2014 18:16:25,872 DEBUG [Btpb_accept|bluetooth] nativeDebugCallback ON
01 Feb 2014 18:16:25,872 DEBUG [Btpb_accept|bluetooth] hci_get_route : -1
01 Feb 2014 18:16:25,873 ERROR [Btpb_accept|BluetoothPbLocal] Error creating bluetooth connection
javax.bluetooth.BluetoothStateException: Bluetooth Device is not available
	at com.intel.bluetooth.BluetoothStackBlueZ.nativeGetDeviceID(Native Method)
	at com.intel.bluetooth.BluetoothStackBlueZ.initialize(BluetoothStackBlueZ.java:136)
	at com.intel.bluetooth.BlueCoveImpl.setBluetoothStack(BlueCoveImpl.java:949)
	at com.intel.bluetooth.BlueCoveImpl.detectStack(BlueCoveImpl.java:482)
	at com.intel.bluetooth.BlueCoveImpl.access$500(BlueCoveImpl.java:65)
	at com.intel.bluetooth.BlueCoveImpl$1.run(BlueCoveImpl.java:1020)
	at java.security.AccessController.doPrivileged(Native Method)
	at com.intel.bluetooth.BlueCoveImpl.detectStackPrivileged(BlueCoveImpl.java:1018)
	at com.intel.bluetooth.BlueCoveImpl.getBluetoothStack(BlueCoveImpl.java:1011)
	at javax.bluetooth.LocalDevice.getLocalDeviceInstance(LocalDevice.java:75)
	at javax.bluetooth.LocalDevice.getLocalDevice(LocalDevice.java:95)
	at edu.tigers.bluetoothprotobuf.BluetoothPbLocal$AcceptThread.run(BluetoothPbLocal.java:148)
	at java.lang.Thread.run(Thread.java:744)
01 Feb 2014 18:16:25,876 ERROR [Btpb_accept|BluetoothPbLocal] Try to enable device discovery via OS first or start Sumatra as root :/
01 Feb 2014 18:16:25,876 ERROR [Btpb_accept|BluetoothPbLocal] For Linux you need extra packages. For ubuntu: apt-get install bluez libbluetooth-dev
01 Feb 2014 18:16:26,855 ERROR [main|BluetoothPbLocal] Can not send message. No current connection!
01 Feb 2014 18:19:06,788 DEBUG [Btpb_accept|bluetooth] Java 1.4+ detected: 1.7.0_51; OpenJDK 64-Bit Server VM; Oracle Corporation
01 Feb 2014 18:19:06,794 DEBUG [Btpb_accept|bluetooth] Use stack ClassLoader
01 Feb 2014 18:19:06,797 DEBUG [Btpb_accept|bluetooth] Library loaded from /tmp/bluecove_geforce_0/libbluecove_x64.so
01 Feb 2014 18:19:06,797 DEBUG [Btpb_accept|bluetooth] BluetoothStack selected bluez
01 Feb 2014 18:19:06,797 DEBUG [Btpb_accept|bluetooth] nativeDebugCallback ON
01 Feb 2014 18:19:06,798 DEBUG [Btpb_accept|bluetooth] hci_get_route : -1
01 Feb 2014 18:19:06,798 ERROR [Btpb_accept|BluetoothPbLocal] Error creating bluetooth connection
javax.bluetooth.BluetoothStateException: Bluetooth Device is not available
	at com.intel.bluetooth.BluetoothStackBlueZ.nativeGetDeviceID(Native Method)
	at com.intel.bluetooth.BluetoothStackBlueZ.initialize(BluetoothStackBlueZ.java:136)
	at com.intel.bluetooth.BlueCoveImpl.setBluetoothStack(BlueCoveImpl.java:949)
	at com.intel.bluetooth.BlueCoveImpl.detectStack(BlueCoveImpl.java:482)
	at com.intel.bluetooth.BlueCoveImpl.access$500(BlueCoveImpl.java:65)
	at com.intel.bluetooth.BlueCoveImpl$1.run(BlueCoveImpl.java:1020)
	at java.security.AccessController.doPrivileged(Native Method)
	at com.intel.bluetooth.BlueCoveImpl.detectStackPrivileged(BlueCoveImpl.java:1018)
	at com.intel.bluetooth.BlueCoveImpl.getBluetoothStack(BlueCoveImpl.java:1011)
	at javax.bluetooth.LocalDevice.getLocalDeviceInstance(LocalDevice.java:75)
	at javax.bluetooth.LocalDevice.getLocalDevice(LocalDevice.java:95)
	at edu.tigers.bluetoothprotobuf.BluetoothPbLocal$AcceptThread.run(BluetoothPbLocal.java:148)
	at java.lang.Thread.run(Thread.java:744)
01 Feb 2014 18:19:06,801 ERROR [Btpb_accept|BluetoothPbLocal] Try to enable device discovery via OS first or start Sumatra as root :/
01 Feb 2014 18:19:06,801 ERROR [Btpb_accept|BluetoothPbLocal] For Linux you need extra packages. For ubuntu: apt-get install bluez libbluetooth-dev
01 Feb 2014 18:19:07,776 ERROR [main|BluetoothPbLocal] Can not send message. No current connection!
01 Feb 2014 18:38:48,717 DEBUG [Btpb_accept|bluetooth] Java 1.4+ detected: 1.7.0_51; OpenJDK 64-Bit Server VM; Oracle Corporation
01 Feb 2014 18:38:48,728 DEBUG [Btpb_accept|bluetooth] Use stack ClassLoader
01 Feb 2014 18:38:48,732 DEBUG [Btpb_accept|bluetooth] Library loaded from /tmp/bluecove_geforce_0/libbluecove_x64.so
01 Feb 2014 18:38:48,732 DEBUG [Btpb_accept|bluetooth] BluetoothStack selected bluez
01 Feb 2014 18:38:48,733 DEBUG [Btpb_accept|bluetooth] nativeDebugCallback ON
01 Feb 2014 18:38:48,734 DEBUG [Btpb_accept|bluetooth] localDeviceID 0
01 Feb 2014 18:38:48,746 ERROR [Btpb_accept|BluetoothPbLocal] Error creating bluetooth connection
javax.bluetooth.BluetoothStateException: Bluetooth Device is not ready. [1] Operation not permitted
	at com.intel.bluetooth.BluetoothStackBlueZ.nativeSetLocalDeviceDiscoverable(Native Method)
	at com.intel.bluetooth.BluetoothStackBlueZ.setLocalDeviceDiscoverable(BluetoothStackBlueZ.java:291)
	at javax.bluetooth.LocalDevice.setDiscoverable(LocalDevice.java:206)
	at edu.tigers.bluetoothprotobuf.BluetoothPbLocal$AcceptThread.run(BluetoothPbLocal.java:149)
	at java.lang.Thread.run(Thread.java:744)
01 Feb 2014 18:38:48,749 ERROR [Btpb_accept|BluetoothPbLocal] Try to enable device discovery via OS first or start Sumatra as root :/
01 Feb 2014 18:38:48,749 ERROR [Btpb_accept|BluetoothPbLocal] For Linux you need extra packages. For ubuntu: apt-get install bluez libbluetooth-dev
01 Feb 2014 18:38:49,702 ERROR [main|BluetoothPbLocal] Can not send message. No current connection!
01 Feb 2014 18:40:54,784 DEBUG [Btpb_accept|bluetooth] Java 1.4+ detected: 1.7.0_51; OpenJDK 64-Bit Server VM; Oracle Corporation
01 Feb 2014 18:40:54,790 DEBUG [Btpb_accept|bluetooth] Use stack ClassLoader
01 Feb 2014 18:40:54,793 DEBUG [Btpb_accept|bluetooth] Library loaded from /tmp/bluecove_geforce_0/libbluecove_x64.so
01 Feb 2014 18:40:54,793 DEBUG [Btpb_accept|bluetooth] BluetoothStack selected bluez
01 Feb 2014 18:40:54,793 DEBUG [Btpb_accept|bluetooth] nativeDebugCallback ON
01 Feb 2014 18:40:54,793 DEBUG [Btpb_accept|bluetooth] localDeviceID 0
01 Feb 2014 18:40:54,802 DEBUG [Btpb_accept|bluetooth] open using BlueCove javax.microedition.io.Connector
01 Feb 2014 18:40:54,802 DEBUG [Btpb_accept|bluetooth] connecting btspp://localhost:fa87c0d0afac11de8a390800200c9a66;name=RemoteBluetooth
01 Feb 2014 18:40:54,815 DEBUG [Btpb_accept|bluetooth] created SDPSession 139769778613616
01 Feb 2014 18:40:54,816 DEBUG [Btpb_accept|bluetooth] BlueZ major verion 4 detected
01 Feb 2014 18:40:54,816 DEBUG [Btpb_accept|bluetooth] function sdp_extract_pdu of bluez major version 4 is called
01 Feb 2014 18:40:54,816 DEBUG [Btpb_accept|bluetooth] pdu scanned 72 -> 72
01 Feb 2014 18:40:54,817 INFO  [Btpb_accept|BluetoothPbLocal] waiting for bluetooth connection...
01 Feb 2014 18:40:55,779 ERROR [main|BluetoothPbLocal] Can not send message. No current connection!
